0 info it worked if it ends with ok
1 verbose cli [ '/usr/local/bin/node', '/usr/local/bin/npm', 'start' ]
2 info using npm@3.8.6
3 info using node@v6.1.0
4 verbose run-script [ 'prestart', 'start', 'poststart' ]
5 info lifecycle CycleTheBay@0.0.1~prestart: CycleTheBay@0.0.1
6 silly lifecycle CycleTheBay@0.0.1~prestart: no script for prestart, continuing
7 info lifecycle CycleTheBay@0.0.1~start: CycleTheBay@0.0.1
8 verbose lifecycle CycleTheBay@0.0.1~start: unsafe-perm in lifecycle true
9 verbose lifecycle CycleTheBay@0.0.1~start: PATH: /usr/local/lib/node_modules/npm/bin/node-gyp-bin:/Users/Owner1/Desktop/CycleTheBay/CycleTheBay/node_modules/.bin:/usr/local/bin:/usr/local/opt/coreutils/libexec/gnubin:“/usr/local/heroku/bin:/usr/local/bin:/usr/local/sbin:~/bin:/Users/Owner1/.rbenv/bin:/Users/Owner1/.rbenv/shims:/usr/local/bin:/usr/bin:/bin:/usr/sbin:/sbin:/usr/local/go/bin:/Users/Owner1/.rvm/bin:/Users/Owner1/.rvm/bin:/usr/local/go/bin”
10 verbose lifecycle CycleTheBay@0.0.1~start: CWD: /Users/Owner1/Desktop/CycleTheBay/CycleTheBay
11 silly lifecycle CycleTheBay@0.0.1~start: Args: [ '-c',
11 silly lifecycle   'node node_modules/react-native/local-cli/cli.js start' ]
12 silly lifecycle CycleTheBay@0.0.1~start: Returned: code: 1  signal: null
13 info lifecycle CycleTheBay@0.0.1~start: Failed to exec start script
14 verbose stack Error: CycleTheBay@0.0.1 start: `node node_modules/react-native/local-cli/cli.js start`
14 verbose stack Exit status 1
14 verbose stack     at EventEmitter.<anonymous> (/usr/local/lib/node_modules/npm/lib/utils/lifecycle.js:239:16)
14 verbose stack     at emitTwo (events.js:106:13)
14 verbose stack     at EventEmitter.emit (events.js:191:7)
14 verbose stack     at ChildProcess.<anonymous> (/usr/local/lib/node_modules/npm/lib/utils/spawn.js:24:14)
14 verbose stack     at emitTwo (events.js:106:13)
14 verbose stack     at ChildProcess.emit (events.js:191:7)
14 verbose stack     at maybeClose (internal/child_process.js:850:16)
14 verbose stack     at Process.ChildProcess._handle.onexit (internal/child_process.js:215:5)
15 verbose pkgid CycleTheBay@0.0.1
16 verbose cwd /Users/Owner1/Desktop/CycleTheBay/CycleTheBay
17 error Darwin 15.2.0
18 error argv "/usr/local/bin/node" "/usr/local/bin/npm" "start"
19 error node v6.1.0
20 error npm  v3.8.6
21 error code ELIFECYCLE
22 error CycleTheBay@0.0.1 start: `node node_modules/react-native/local-cli/cli.js start`
22 error Exit status 1
23 error Failed at the CycleTheBay@0.0.1 start script 'node node_modules/react-native/local-cli/cli.js start'.
23 error Make sure you have the latest version of node.js and npm installed.
23 error If you do, this is most likely a problem with the CycleTheBay package,
23 error not with npm itself.
23 error Tell the author that this fails on your system:
23 error     node node_modules/react-native/local-cli/cli.js start
23 error You can get information on how to open an issue for this project with:
23 error     npm bugs CycleTheBay
23 error Or if that isn't available, you can get their info via:
23 error     npm owner ls CycleTheBay
23 error There is likely additional logging output above.
24 verbose exit [ 1, true ]
